[2018-03-27 06:16:04] name.DEBUG: connection [] []
[2018-03-27 06:16:04] name.DEBUG: Try to authenticate. {"token":"[object] (RabbitMQAuth\\Authentication\\Token\\UserPasswordToken: user-1)"} []
[2018-03-27 06:16:04] name.INFO: Token authenticated. {"token":"[object] (RabbitMQAuth\\Authentication\\Token\\UserPasswordToken: user-1)"} []
[2018-03-27 06:16:04] name.INFO: Token authenticated. {"token":"[object] (RabbitMQAuth\\Authentication\\Token\\UserToken: user-1)"} []
[2018-03-27 06:16:04] name.DEBUG: Token allow. {"subject":"vhost","attributes":{"ip":"127.0.0.1"}} []
[2018-03-27 06:16:04] name.DEBUG: Access granted to "vhost". {"token":"[object] (RabbitMQAuth\\Authentication\\Token\\UserToken: user-1)","attributes":{"ip":"127.0.0.1"},"subject":"vhost"} []
[2018-03-27 06:16:04] name.DEBUG: create exchange [] []
[2018-03-27 06:16:04] name.INFO: Token authenticated. {"token":"[object] (RabbitMQAuth\\Authentication\\Token\\UserToken: user-1)"} []
[2018-03-27 06:16:04] name.DEBUG: Token allow. {"subject":"resource","attributes":{"resource":"exchange","name":"exchange_anto_","permission":"configure"}} []
[2018-03-27 06:16:04] name.DEBUG: Access granted to "resource". {"token":"[object] (RabbitMQAuth\\Authentication\\Token\\UserToken: user-1)","attributes":{"resource":"exchange","name":"exchange_anto_","permission":"configure"},"subject":"resource"} []
[2018-03-27 06:16:08] name.INFO: Token authenticated. {"token":"[object] (RabbitMQAuth\\Authentication\\Token\\UserToken: admin)"} []
[2018-03-27 06:16:08] name.DEBUG: Token allow: Admin has all grant. {"subject":"resource","attributes":{"resource":"exchange","name":"qqq","permission":"www"}} []
[2018-03-27 06:16:08] name.DEBUG: Access granted to "resource". {"token":"[object] (RabbitMQAuth\\Authentication\\Token\\UserToken: admin)","attributes":{"resource":"exchange","name":"qqq","permission":"www"},"subject":"resource"} []
[2018-03-27 06:16:32] name.DEBUG: connection [] []
[2018-03-27 06:16:32] name.DEBUG: Try to authenticate. {"token":"[object] (RabbitMQAuth\\Authentication\\Token\\UserPasswordToken: user-1)"} []
[2018-03-27 06:16:32] name.INFO: Token authenticated. {"token":"[object] (RabbitMQAuth\\Authentication\\Token\\UserPasswordToken: user-1)"} []
[2018-03-27 06:16:32] name.INFO: Token authenticated. {"token":"[object] (RabbitMQAuth\\Authentication\\Token\\UserToken: user-1)"} []
[2018-03-27 06:16:32] name.DEBUG: Token allow. {"subject":"vhost","attributes":{"ip":"127.0.0.1"}} []
[2018-03-27 06:16:32] name.DEBUG: Access granted to "vhost". {"token":"[object] (RabbitMQAuth\\Authentication\\Token\\UserToken: user-1)","attributes":{"ip":"127.0.0.1"},"subject":"vhost"} []
[2018-03-27 06:16:32] name.DEBUG: create exchange [] []
[2018-03-27 06:16:32] name.INFO: Token authenticated. {"token":"[object] (RabbitMQAuth\\Authentication\\Token\\UserToken: user-1)"} []
[2018-03-27 06:16:32] name.DEBUG: Token allow. {"subject":"resource","attributes":{"resource":"exchange","name":"exchange_anto_","permission":"configure"}} []
[2018-03-27 06:16:32] name.DEBUG: Access granted to "resource". {"token":"[object] (RabbitMQAuth\\Authentication\\Token\\UserToken: user-1)","attributes":{"resource":"exchange","name":"exchange_anto_","permission":"configure"},"subject":"resource"} []
[2018-03-27 06:16:32] name.DEBUG: create queue [] []
[2018-03-27 06:16:32] name.INFO: Token authenticated. {"token":"[object] (RabbitMQAuth\\Authentication\\Token\\UserToken: user-1)"} []
[2018-03-27 06:16:32] name.DEBUG: Token allow. {"subject":"resource","attributes":{"resource":"queue","name":"queue_anto_","permission":"configure"}} []
[2018-03-27 06:16:32] name.DEBUG: Access granted to "resource". {"token":"[object] (RabbitMQAuth\\Authentication\\Token\\UserToken: user-1)","attributes":{"resource":"queue","name":"queue_anto_","permission":"configure"},"subject":"resource"} []
[2018-03-27 06:16:32] name.DEBUG: bind queue [] []
[2018-03-27 06:16:32] name.INFO: Token authenticated. {"token":"[object] (RabbitMQAuth\\Authentication\\Token\\UserToken: user-1)"} []
[2018-03-27 06:16:32] name.DEBUG: Token allow. {"subject":"resource","attributes":{"resource":"queue","name":"queue_anto_","permission":"write"}} []
[2018-03-27 06:16:32] name.DEBUG: Access granted to "resource". {"token":"[object] (RabbitMQAuth\\Authentication\\Token\\UserToken: user-1)","attributes":{"resource":"queue","name":"queue_anto_","permission":"write"},"subject":"resource"} []
[2018-03-27 06:16:32] name.INFO: Token authenticated. {"token":"[object] (RabbitMQAuth\\Authentication\\Token\\UserToken: user-1)"} []
[2018-03-27 06:16:32] name.DEBUG: Token allow. {"subject":"resource","attributes":{"resource":"exchange","name":"exchange_anto_","permission":"read"}} []
[2018-03-27 06:16:32] name.DEBUG: Access granted to "resource". {"token":"[object] (RabbitMQAuth\\Authentication\\Token\\UserToken: user-1)","attributes":{"resource":"exchange","name":"exchange_anto_","permission":"read"},"subject":"resource"} []
[2018-03-27 06:16:32] name.INFO: Token authenticated. {"token":"[object] (RabbitMQAuth\\Authentication\\Token\\UserToken: user-1)"} []
[2018-03-27 06:16:32] name.DEBUG: Token allow. {"subject":"topic","attributes":{"resource":"topic","name":"exchange_anto_","permission":"read","routing_key":"#","variable_map_username":"user-1","variable_map_vhost":"/"}} []
[2018-03-27 06:16:32] name.DEBUG: Access granted to "topic". {"token":"[object] (RabbitMQAuth\\Authentication\\Token\\UserToken: user-1)","attributes":{"resource":"topic","name":"exchange_anto_","permission":"read","routing_key":"#","variable_map_username":"user-1","variable_map_vhost":"/"},"subject":"topic"} []
[2018-03-27 06:16:32] name.DEBUG: publish exchange [] []
[2018-03-27 06:16:32] name.DEBUG: get message [] []
[2018-03-27 06:16:32] name.INFO: Token authenticated. {"token":"[object] (RabbitMQAuth\\Authentication\\Token\\UserToken: user-1)"} []
[2018-03-27 06:16:32] name.DEBUG: Token allow. {"subject":"resource","attributes":{"resource":"exchange","name":"exchange_anto_","permission":"write"}} []
[2018-03-27 06:16:32] name.DEBUG: Access granted to "resource". {"token":"[object] (RabbitMQAuth\\Authentication\\Token\\UserToken: user-1)","attributes":{"resource":"exchange","name":"exchange_anto_","permission":"write"},"subject":"resource"} []
[2018-03-27 06:16:32] name.INFO: Token authenticated. {"token":"[object] (RabbitMQAuth\\Authentication\\Token\\UserToken: user-1)"} []
[2018-03-27 06:16:32] name.DEBUG: Token allow. {"subject":"topic","attributes":{"resource":"topic","name":"exchange_anto_","permission":"write","routing_key":"","variable_map_username":"user-1","variable_map_vhost":"/"}} []
[2018-03-27 06:16:32] name.DEBUG: Access granted to "topic". {"token":"[object] (RabbitMQAuth\\Authentication\\Token\\UserToken: user-1)","attributes":{"resource":"topic","name":"exchange_anto_","permission":"write","routing_key":"","variable_map_username":"user-1","variable_map_vhost":"/"},"subject":"topic"} []
[2018-03-27 06:16:33] name.INFO: Token authenticated. {"token":"[object] (RabbitMQAuth\\Authentication\\Token\\UserToken: user-1)"} []
[2018-03-27 06:16:33] name.DEBUG: Token allow. {"subject":"resource","attributes":{"resource":"queue","name":"queue_anto_","permission":"read"}} []
[2018-03-27 06:16:33] name.DEBUG: Access granted to "resource". {"token":"[object] (RabbitMQAuth\\Authentication\\Token\\UserToken: user-1)","attributes":{"resource":"queue","name":"queue_anto_","permission":"read"},"subject":"resource"} []
[2018-03-27 06:16:51] name.DEBUG: connection [] []
[2018-03-27 06:16:51] name.DEBUG: Try to authenticate. {"token":"[object] (RabbitMQAuth\\Authentication\\Token\\UserPasswordToken: user-1)"} []
[2018-03-27 06:16:51] name.INFO: Token authenticated. {"token":"[object] (RabbitMQAuth\\Authentication\\Token\\UserPasswordToken: user-1)"} []
[2018-03-27 06:16:51] name.INFO: Token authenticated. {"token":"[object] (RabbitMQAuth\\Authentication\\Token\\UserToken: user-1)"} []
[2018-03-27 06:16:51] name.DEBUG: Token allow. {"subject":"vhost","attributes":{"ip":"127.0.0.1"}} []
[2018-03-27 06:16:51] name.DEBUG: Access granted to "vhost". {"token":"[object] (RabbitMQAuth\\Authentication\\Token\\UserToken: user-1)","attributes":{"ip":"127.0.0.1"},"subject":"vhost"} []
[2018-03-27 06:16:51] name.DEBUG: create exchange [] []
[2018-03-27 06:16:51] name.INFO: Token authenticated. {"token":"[object] (RabbitMQAuth\\Authentication\\Token\\UserToken: user-1)"} []
[2018-03-27 06:16:51] name.DEBUG: Token allow. {"subject":"resource","attributes":{"resource":"exchange","name":"exchange_anto_","permission":"configure"}} []
[2018-03-27 06:16:51] name.DEBUG: Access granted to "resource". {"token":"[object] (RabbitMQAuth\\Authentication\\Token\\UserToken: user-1)","attributes":{"resource":"exchange","name":"exchange_anto_","permission":"configure"},"subject":"resource"} []
[2018-03-27 06:16:51] name.DEBUG: create queue [] []
[2018-03-27 06:16:51] name.INFO: Token authenticated. {"token":"[object] (RabbitMQAuth\\Authentication\\Token\\UserToken: user-1)"} []
[2018-03-27 06:16:51] name.DEBUG: Token allow. {"subject":"resource","attributes":{"resource":"queue","name":"queue_anto_","permission":"configure"}} []
[2018-03-27 06:16:51] name.DEBUG: Access granted to "resource". {"token":"[object] (RabbitMQAuth\\Authentication\\Token\\UserToken: user-1)","attributes":{"resource":"queue","name":"queue_anto_","permission":"configure"},"subject":"resource"} []
[2018-03-27 06:16:51] name.DEBUG: bind queue [] []
[2018-03-27 06:16:51] name.INFO: Token authenticated. {"token":"[object] (RabbitMQAuth\\Authentication\\Token\\UserToken: user-1)"} []
[2018-03-27 06:16:51] name.DEBUG: Token allow. {"subject":"resource","attributes":{"resource":"queue","name":"queue_anto_","permission":"write"}} []
[2018-03-27 06:16:51] name.DEBUG: Access granted to "resource". {"token":"[object] (RabbitMQAuth\\Authentication\\Token\\UserToken: user-1)","attributes":{"resource":"queue","name":"queue_anto_","permission":"write"},"subject":"resource"} []
[2018-03-27 06:16:51] name.INFO: Token authenticated. {"token":"[object] (RabbitMQAuth\\Authentication\\Token\\UserToken: user-1)"} []
[2018-03-27 06:16:51] name.DEBUG: Token allow. {"subject":"resource","attributes":{"resource":"exchange","name":"exchange_anto_","permission":"read"}} []
[2018-03-27 06:16:51] name.DEBUG: Access granted to "resource". {"token":"[object] (RabbitMQAuth\\Authentication\\Token\\UserToken: user-1)","attributes":{"resource":"exchange","name":"exchange_anto_","permission":"read"},"subject":"resource"} []
[2018-03-27 06:16:51] name.INFO: Token authenticated. {"token":"[object] (RabbitMQAuth\\Authentication\\Token\\UserToken: user-1)"} []
[2018-03-27 06:16:51] name.DEBUG: Token allow. {"subject":"topic","attributes":{"resource":"topic","name":"exchange_anto_","permission":"read","routing_key":"#","variable_map_username":"user-1","variable_map_vhost":"/"}} []
[2018-03-27 06:16:51] name.DEBUG: Access granted to "topic". {"token":"[object] (RabbitMQAuth\\Authentication\\Token\\UserToken: user-1)","attributes":{"resource":"topic","name":"exchange_anto_","permission":"read","routing_key":"#","variable_map_username":"user-1","variable_map_vhost":"/"},"subject":"topic"} []
[2018-03-27 06:16:51] name.DEBUG: publish exchange [] []
[2018-03-27 06:16:51] name.DEBUG: get message [] []
[2018-03-27 06:16:51] name.INFO: Token authenticated. {"token":"[object] (RabbitMQAuth\\Authentication\\Token\\UserToken: user-1)"} []
[2018-03-27 06:16:51] name.DEBUG: Token allow. {"subject":"resource","attributes":{"resource":"exchange","name":"exchange_anto_","permission":"write"}} []
[2018-03-27 06:16:51] name.DEBUG: Access granted to "resource". {"token":"[object] (RabbitMQAuth\\Authentication\\Token\\UserToken: user-1)","attributes":{"resource":"exchange","name":"exchange_anto_","permission":"write"},"subject":"resource"} []
[2018-03-27 06:16:51] name.INFO: Token authenticated. {"token":"[object] (RabbitMQAuth\\Authentication\\Token\\UserToken: user-1)"} []
[2018-03-27 06:16:51] name.DEBUG: Token allow. {"subject":"topic","attributes":{"resource":"topic","name":"exchange_anto_","permission":"write","routing_key":"","variable_map_username":"user-1","variable_map_vhost":"/"}} []
[2018-03-27 06:16:51] name.DEBUG: Access granted to "topic". {"token":"[object] (RabbitMQAuth\\Authentication\\Token\\UserToken: user-1)","attributes":{"resource":"topic","name":"exchange_anto_","permission":"write","routing_key":"","variable_map_username":"user-1","variable_map_vhost":"/"},"subject":"topic"} []
[2018-03-27 06:16:51] name.INFO: Token authenticated. {"token":"[object] (RabbitMQAuth\\Authentication\\Token\\UserToken: user-1)"} []
[2018-03-27 06:16:51] name.DEBUG: Token allow. {"subject":"resource","attributes":{"resource":"queue","name":"queue_anto_","permission":"read"}} []
[2018-03-27 06:16:51] name.DEBUG: Access granted to "resource". {"token":"[object] (RabbitMQAuth\\Authentication\\Token\\UserToken: user-1)","attributes":{"resource":"queue","name":"queue_anto_","permission":"read"},"subject":"resource"} []
[2018-03-27 06:24:12] name.DEBUG: connection [] []
[2018-03-27 06:24:12] name.DEBUG: Try to authenticate. {"token":"[object] (RabbitMQAuth\\Authentication\\Token\\UserPasswordToken: user-1)"} []
[2018-03-27 06:24:12] name.INFO: Token authenticated. {"token":"[object] (RabbitMQAuth\\Authentication\\Token\\UserPasswordToken: user-1)"} []
[2018-03-27 06:24:12] name.INFO: Token authenticated. {"token":"[object] (RabbitMQAuth\\Authentication\\Token\\UserToken: user-1)"} []
[2018-03-27 06:24:12] name.DEBUG: Token allow. {"subject":"vhost","attributes":{"ip":"127.0.0.1"}} []
[2018-03-27 06:24:12] name.DEBUG: Access granted to "vhost". {"token":"[object] (RabbitMQAuth\\Authentication\\Token\\UserToken: user-1)","attributes":{"ip":"127.0.0.1"},"subject":"vhost"} []
[2018-03-27 06:24:12] name.DEBUG: create exchange [] []
[2018-03-27 06:24:12] name.INFO: Token authenticated. {"token":"[object] (RabbitMQAuth\\Authentication\\Token\\UserToken: user-1)"} []
[2018-03-27 06:24:12] name.DEBUG: Token allow. {"subject":"resource","attributes":{"resource":"exchange","name":"exchange_anto_","permission":"configure"}} []
[2018-03-27 06:24:12] name.DEBUG: Access granted to "resource". {"token":"[object] (RabbitMQAuth\\Authentication\\Token\\UserToken: user-1)","attributes":{"resource":"exchange","name":"exchange_anto_","permission":"configure"},"subject":"resource"} []
[2018-03-27 06:24:12] name.DEBUG: create queue [] []
[2018-03-27 06:24:12] name.INFO: Token authenticated. {"token":"[object] (RabbitMQAuth\\Authentication\\Token\\UserToken: user-1)"} []
[2018-03-27 06:24:12] name.DEBUG: Token allow. {"subject":"resource","attributes":{"resource":"queue","name":"queue_anto_","permission":"configure"}} []
[2018-03-27 06:24:12] name.DEBUG: Access granted to "resource". {"token":"[object] (RabbitMQAuth\\Authentication\\Token\\UserToken: user-1)","attributes":{"resource":"queue","name":"queue_anto_","permission":"configure"},"subject":"resource"} []
[2018-03-27 06:24:12] name.DEBUG: bind queue [] []
[2018-03-27 06:24:12] name.INFO: Token authenticated. {"token":"[object] (RabbitMQAuth\\Authentication\\Token\\UserToken: user-1)"} []
[2018-03-27 06:24:12] name.DEBUG: Token allow. {"subject":"resource","attributes":{"resource":"queue","name":"queue_anto_","permission":"write"}} []
[2018-03-27 06:24:12] name.DEBUG: Access granted to "resource". {"token":"[object] (RabbitMQAuth\\Authentication\\Token\\UserToken: user-1)","attributes":{"resource":"queue","name":"queue_anto_","permission":"write"},"subject":"resource"} []
[2018-03-27 06:24:12] name.INFO: Token authenticated. {"token":"[object] (RabbitMQAuth\\Authentication\\Token\\UserToken: user-1)"} []
[2018-03-27 06:24:12] name.DEBUG: Token allow. {"subject":"resource","attributes":{"resource":"exchange","name":"exchange_anto_","permission":"read"}} []
[2018-03-27 06:24:12] name.DEBUG: Access granted to "resource". {"token":"[object] (RabbitMQAuth\\Authentication\\Token\\UserToken: user-1)","attributes":{"resource":"exchange","name":"exchange_anto_","permission":"read"},"subject":"resource"} []
[2018-03-27 06:24:12] name.INFO: Token authenticated. {"token":"[object] (RabbitMQAuth\\Authentication\\Token\\UserToken: user-1)"} []
[2018-03-27 06:24:12] name.DEBUG: Token allow. {"subject":"topic","attributes":{"resource":"topic","name":"exchange_anto_","permission":"read","routing_key":"#","variable_map_username":"user-1","variable_map_vhost":"/"}} []
[2018-03-27 06:24:12] name.DEBUG: Access granted to "topic". {"token":"[object] (RabbitMQAuth\\Authentication\\Token\\UserToken: user-1)","attributes":{"resource":"topic","name":"exchange_anto_","permission":"read","routing_key":"#","variable_map_username":"user-1","variable_map_vhost":"/"},"subject":"topic"} []
[2018-03-27 06:24:12] name.DEBUG: publish exchange [] []
[2018-03-27 06:24:12] name.DEBUG: get message [] []
[2018-03-27 06:24:12] name.INFO: Token authenticated. {"token":"[object] (RabbitMQAuth\\Authentication\\Token\\UserToken: user-1)"} []
[2018-03-27 06:24:12] name.DEBUG: Token allow. {"subject":"resource","attributes":{"resource":"exchange","name":"exchange_anto_","permission":"write"}} []
[2018-03-27 06:24:12] name.DEBUG: Access granted to "resource". {"token":"[object] (RabbitMQAuth\\Authentication\\Token\\UserToken: user-1)","attributes":{"resource":"exchange","name":"exchange_anto_","permission":"write"},"subject":"resource"} []
[2018-03-27 06:24:12] name.INFO: Token authenticated. {"token":"[object] (RabbitMQAuth\\Authentication\\Token\\UserToken: user-1)"} []
[2018-03-27 06:24:12] name.DEBUG: Token allow. {"subject":"topic","attributes":{"resource":"topic","name":"exchange_anto_","permission":"write","routing_key":"","variable_map_username":"user-1","variable_map_vhost":"/"}} []
[2018-03-27 06:24:12] name.DEBUG: Access granted to "topic". {"token":"[object] (RabbitMQAuth\\Authentication\\Token\\UserToken: user-1)","attributes":{"resource":"topic","name":"exchange_anto_","permission":"write","routing_key":"","variable_map_username":"user-1","variable_map_vhost":"/"},"subject":"topic"} []
[2018-03-27 06:24:12] name.INFO: Token authenticated. {"token":"[object] (RabbitMQAuth\\Authentication\\Token\\UserToken: user-1)"} []
[2018-03-27 06:24:12] name.DEBUG: Token allow. {"subject":"resource","attributes":{"resource":"queue","name":"queue_anto_","permission":"read"}} []
[2018-03-27 06:24:12] name.DEBUG: Access granted to "resource". {"token":"[object] (RabbitMQAuth\\Authentication\\Token\\UserToken: user-1)","attributes":{"resource":"queue","name":"queue_anto_","permission":"read"},"subject":"resource"} []
[2018-03-27 06:25:39] name.DEBUG: connection [] []
[2018-03-27 06:25:39] rabbitmq_security.DEBUG: Try to authenticate. {"token":"[object] (RabbitMQAuth\\Authentication\\Token\\UserPasswordToken: user-1)"} []
[2018-03-27 06:25:39] rabbitmq_authenticator.INFO: Token authenticated. {"token":"[object] (RabbitMQAuth\\Authentication\\Token\\UserPasswordToken: user-1)"} []
[2018-03-27 06:25:39] rabbitmq_authenticator.INFO: Token authenticated. {"token":"[object] (RabbitMQAuth\\Authentication\\Token\\UserToken: user-1)"} []
[2018-03-27 06:25:39] rabbitmq_default_voter.DEBUG: Token allow. {"subject":"vhost","attributes":{"ip":"127.0.0.1"}} []
[2018-03-27 06:25:39] rabbitmq_security.DEBUG: Access granted to "vhost". {"token":"[object] (RabbitMQAuth\\Authentication\\Token\\UserToken: user-1)","attributes":{"ip":"127.0.0.1"},"subject":"vhost"} []
[2018-03-27 06:25:39] name.DEBUG: create exchange [] []
[2018-03-27 06:25:39] rabbitmq_authenticator.INFO: Token authenticated. {"token":"[object] (RabbitMQAuth\\Authentication\\Token\\UserToken: user-1)"} []
[2018-03-27 06:25:39] rabbitmq_default_voter.DEBUG: Token allow. {"subject":"resource","attributes":{"resource":"exchange","name":"exchange_anto_","permission":"configure"}} []
[2018-03-27 06:25:39] rabbitmq_security.DEBUG: Access granted to "resource". {"token":"[object] (RabbitMQAuth\\Authentication\\Token\\UserToken: user-1)","attributes":{"resource":"exchange","name":"exchange_anto_","permission":"configure"},"subject":"resource"} []
[2018-03-27 06:25:39] name.DEBUG: create queue [] []
[2018-03-27 06:25:39] rabbitmq_authenticator.INFO: Token authenticated. {"token":"[object] (RabbitMQAuth\\Authentication\\Token\\UserToken: user-1)"} []
[2018-03-27 06:25:39] rabbitmq_default_voter.DEBUG: Token allow. {"subject":"resource","attributes":{"resource":"queue","name":"queue_anto_","permission":"configure"}} []
[2018-03-27 06:25:39] rabbitmq_security.DEBUG: Access granted to "resource". {"token":"[object] (RabbitMQAuth\\Authentication\\Token\\UserToken: user-1)","attributes":{"resource":"queue","name":"queue_anto_","permission":"configure"},"subject":"resource"} []
[2018-03-27 06:25:39] name.DEBUG: bind queue [] []
[2018-03-27 06:25:39] rabbitmq_authenticator.INFO: Token authenticated. {"token":"[object] (RabbitMQAuth\\Authentication\\Token\\UserToken: user-1)"} []
[2018-03-27 06:25:39] rabbitmq_default_voter.DEBUG: Token allow. {"subject":"resource","attributes":{"resource":"queue","name":"queue_anto_","permission":"write"}} []
[2018-03-27 06:25:39] rabbitmq_security.DEBUG: Access granted to "resource". {"token":"[object] (RabbitMQAuth\\Authentication\\Token\\UserToken: user-1)","attributes":{"resource":"queue","name":"queue_anto_","permission":"write"},"subject":"resource"} []
[2018-03-27 06:25:39] rabbitmq_authenticator.INFO: Token authenticated. {"token":"[object] (RabbitMQAuth\\Authentication\\Token\\UserToken: user-1)"} []
[2018-03-27 06:25:39] rabbitmq_default_voter.DEBUG: Token allow. {"subject":"resource","attributes":{"resource":"exchange","name":"exchange_anto_","permission":"read"}} []
[2018-03-27 06:25:39] rabbitmq_security.DEBUG: Access granted to "resource". {"token":"[object] (RabbitMQAuth\\Authentication\\Token\\UserToken: user-1)","attributes":{"resource":"exchange","name":"exchange_anto_","permission":"read"},"subject":"resource"} []
[2018-03-27 06:25:39] rabbitmq_authenticator.INFO: Token authenticated. {"token":"[object] (RabbitMQAuth\\Authentication\\Token\\UserToken: user-1)"} []
[2018-03-27 06:25:39] rabbitmq_default_voter.DEBUG: Token allow. {"subject":"topic","attributes":{"resource":"topic","name":"exchange_anto_","permission":"read","routing_key":"#","variable_map_username":"user-1","variable_map_vhost":"/"}} []
[2018-03-27 06:25:39] rabbitmq_security.DEBUG: Access granted to "topic". {"token":"[object] (RabbitMQAuth\\Authentication\\Token\\UserToken: user-1)","attributes":{"resource":"topic","name":"exchange_anto_","permission":"read","routing_key":"#","variable_map_username":"user-1","variable_map_vhost":"/"},"subject":"topic"} []
[2018-03-27 06:25:39] name.DEBUG: publish exchange [] []
[2018-03-27 06:25:39] name.DEBUG: get message [] []
[2018-03-27 06:25:39] rabbitmq_authenticator.INFO: Token authenticated. {"token":"[object] (RabbitMQAuth\\Authentication\\Token\\UserToken: user-1)"} []
[2018-03-27 06:25:39] rabbitmq_default_voter.DEBUG: Token allow. {"subject":"resource","attributes":{"resource":"exchange","name":"exchange_anto_","permission":"write"}} []
[2018-03-27 06:25:39] rabbitmq_security.DEBUG: Access granted to "resource". {"token":"[object] (RabbitMQAuth\\Authentication\\Token\\UserToken: user-1)","attributes":{"resource":"exchange","name":"exchange_anto_","permission":"write"},"subject":"resource"} []
[2018-03-27 06:25:39] rabbitmq_authenticator.INFO: Token authenticated. {"token":"[object] (RabbitMQAuth\\Authentication\\Token\\UserToken: user-1)"} []
[2018-03-27 06:25:39] rabbitmq_default_voter.DEBUG: Token allow. {"subject":"topic","attributes":{"resource":"topic","name":"exchange_anto_","permission":"write","routing_key":"","variable_map_username":"user-1","variable_map_vhost":"/"}} []
[2018-03-27 06:25:39] rabbitmq_security.DEBUG: Access granted to "topic". {"token":"[object] (RabbitMQAuth\\Authentication\\Token\\UserToken: user-1)","attributes":{"resource":"topic","name":"exchange_anto_","permission":"write","routing_key":"","variable_map_username":"user-1","variable_map_vhost":"/"},"subject":"topic"} []
[2018-03-27 06:25:39] rabbitmq_authenticator.INFO: Token authenticated. {"token":"[object] (RabbitMQAuth\\Authentication\\Token\\UserToken: user-1)"} []
[2018-03-27 06:25:39] rabbitmq_default_voter.DEBUG: Token allow. {"subject":"resource","attributes":{"resource":"queue","name":"queue_anto_","permission":"read"}} []
[2018-03-27 06:25:39] rabbitmq_security.DEBUG: Access granted to "resource". {"token":"[object] (RabbitMQAuth\\Authentication\\Token\\UserToken: user-1)","attributes":{"resource":"queue","name":"queue_anto_","permission":"read"},"subject":"resource"} []
